2026-06-17 09:41:41 | DEBUG | P06 | KAFKA_BOOTSTRAP_SERVERS           = localhost:9092
2026-06-17 09:41:41 | DEBUG | P06 | KAFKA_BROKER_ADDRESS_FAMILY       = v6
2026-06-17 09:41:41 | DEBUG | P06 | KAFKA_TOPIC                       = streaming-06-scenarios-case
2026-06-17 09:41:41 | DEBUG | P06 | KAFKA_CLEAR_TOPIC_ON_START        = true
2026-06-17 09:41:41 | DEBUG | P06 | PRODUCER_MESSAGE_COUNT            = 3
2026-06-17 09:41:41 | DEBUG | P06 | PRODUCER_MESSAGE_INTERVAL_SECONDS = 2
2026-06-17 09:41:41 | DEBUG | P06 | PRODUCER_MAX_MESSAGES             = 50
2026-06-17 09:41:41 | DEBUG | P06 | PRODUCER_POLL_INTERVAL_SECONDS    = 15
2026-06-17 09:41:41 | DEBUG | P06 | KAFKA_GROUP_ID                    = streaming-consumer-group-A
2026-06-17 09:41:41 | DEBUG | P06 | KAFKA_AUTO_OFFSET_RESET           = earliest
2026-06-17 09:41:41 | DEBUG | P06 | CONSUMER_TIMEOUT_SECONDS          = 10
2026-06-17 09:41:41 | DEBUG | P06 | CONSUMER_MAX_MESSAGES             = 1000
2026-06-17 09:41:41 | INFO | P06 | === RUN START ===
2026-06-17 09:41:41 | INFO | P06 | project=P06
2026-06-17 09:41:41 | INFO | P06 | repo_dir=streaming-06-scenarios
2026-06-17 09:41:41 | INFO | P06 | python=3.14.2
2026-06-17 09:41:41 | INFO | P06 | os=Windows 11
2026-06-17 09:41:41 | INFO | P06 | shell=powershell
2026-06-17 09:41:41 | INFO | P06 | cwd=.
2026-06-17 09:41:41 | INFO | P06 | github_actions=False
2026-06-17 09:41:41 | INFO | P06 | ========================
2026-06-17 09:41:41 | INFO | P06 | START producer main()
2026-06-17 09:41:41 | INFO | P06 | ========================
2026-06-17 09:41:41 | INFO | P06 | ROOT_DIR = .
2026-06-17 09:41:41 | INFO | P06 | DATA_DIR = data
2026-06-17 09:41:41 | INFO | P06 | SALES_CSV = data\sales.csv
2026-06-17 09:41:41 | INFO | P06 | REGIONS_CSV = data\regions.csv
2026-06-17 09:41:41 | INFO | P06 | PRODUCTS_CSV = data\products.csv
2026-06-17 09:41:41 | INFO | P06 | REJECTED_SALES_CSV = data\output\producer_rejected_sales.csv
2026-06-17 09:41:41 | INFO | P06 | ========================
2026-06-17 09:41:41 | INFO | P06 | SECTION A. Acquire
2026-06-17 09:41:41 | INFO | P06 | ========================
2026-06-17 09:41:41 | INFO | P06 | Loading settings from .env...
2026-06-17 09:41:41 | INFO | P06 | KAFKA_BOOTSTRAP_SERVERS           = localhost:9092
2026-06-17 09:41:41 | INFO | P06 | KAFKA_TOPIC                       = streaming-06-scenarios-case
2026-06-17 09:41:41 | INFO | P06 | PRODUCER_MESSAGE_COUNT            = 3
2026-06-17 09:41:41 | INFO | P06 | PRODUCER_MESSAGE_INTERVAL_SECONDS = 2.0
2026-06-17 09:41:41 | INFO | P06 | KAFKA_CLEAR_TOPIC_ON_START        = True
2026-06-17 09:41:41 | INFO | P06 | Verifying Kafka connection...
2026-06-17 09:41:41 | INFO | P06 | Kafka port is reachable.
2026-06-17 09:41:43 | INFO | P06 | Loading validation reference data...
2026-06-17 09:41:43 | INFO | P06 | Found 6 valid regions, 6 valid products.
2026-06-17 09:41:43 | INFO | P06 | ========================
2026-06-17 09:41:43 | INFO | P06 | SECTION P. Produce Messages
2026-06-17 09:41:43 | INFO | P06 | ========================
2026-06-17 09:41:43 | INFO | P06 | Initializing output...
2026-06-17 09:41:43 | INFO | P06 | Output directory ready: output
2026-06-17 09:41:43 | INFO | P06 | Sending messages...
2026-06-17 09:41:43 | INFO | P06 | Sending up to 3 message(s) to topic 'streaming-06-scenarios-case'.
2026-06-17 09:41:43 | INFO | P06 | Watch each sale arrive. Press CTRL+C to stop early.

2026-06-17 09:41:43 | INFO | P06 | {
  order_id: e7324981-a9f0-419f-b708-d0a333451fff
  datetime: 2026-05-04T08:11:00Z
  region_id: US-TX
  currency_code: USD
  product_id: PY-STREAM-005
  unit_price: 59.99
  quantity: 3
  is_online: true
  customer_id: CUST-4150
  is_new_customer: false
  device_type: tablet
  payment_method: paypal
  referral_source: paid_search
  discount_code: 
  customer_note: Gift for my team
}
2026-06-17 09:41:43 | INFO | P06 |   Sending message with key=US-TX
2026-06-17 09:41:43 | INFO | P06 |   MESSAGE SENT  sent=1
2026-06-17 09:41:45 | INFO | P06 | {
  order_id: d61943e0-f543-4b5f-9c9a-18605ea4cfe5
  datetime: 2026-05-04T08:23:00Z
  region_id: US-TX
  currency_code: USD
  product_id: PY-DATA-002
  unit_price: 49.99
  quantity: 1
  is_online: true
  customer_id: CUST-1106
  is_new_customer: false
  device_type: mobile
  payment_method: paypal
  referral_source: paid_search
  discount_code: 
  customer_note: Gift for my team
}
2026-06-17 09:41:45 | INFO | P06 |   Sending message with key=US-TX
2026-06-17 09:41:45 | INFO | P06 |   MESSAGE SENT  sent=2
2026-06-17 09:41:47 | INFO | P06 | {
  order_id: 14da1915-8e74-47be-9e10-f7275d31af46
  datetime: 2026-05-04T08:28:00Z
  region_id: CA-QC
  currency_code: CAD
  product_id: PY-NLP-006
  unit_price: 54.99
  quantity: 1
  is_online: true
  customer_id: CUST-2133
  is_new_customer: false
  device_type: desktop
  payment_method: paypal
  referral_source: organic
  discount_code: 
  customer_note: Learning at my own pace
}
2026-06-17 09:41:47 | INFO | P06 |   Sending message with key=CA-QC
2026-06-17 09:41:47 | INFO | P06 |   MESSAGE SENT  sent=3
2026-06-17 09:41:49 | INFO | P06 | Checking for rejected records...
2026-06-17 09:41:49 | INFO | P06 |   No records rejected.
2026-06-17 09:41:49 | INFO | P06 | ========================
2026-06-17 09:41:49 | INFO | P06 | SECTION E. Exit
2026-06-17 09:41:49 | INFO | P06 | ========================
2026-06-17 09:41:49 | INFO | P06 | Summary:
2026-06-17 09:41:49 | INFO | P06 | Sent 3 message(s) to topic 'streaming-06-scenarios-case'.
2026-06-17 09:41:49 | INFO | P06 | Rejected 0 message(s).
2026-06-17 09:41:49 | INFO | P06 | ========================
2026-06-17 09:41:49 | INFO | P06 | Producer executed successfully!
2026-06-17 09:41:49 | INFO | P06 | ========================
2026-06-17 09:42:33 | DEBUG | C06 | KAFKA_BOOTSTRAP_SERVERS           = localhost:9092
2026-06-17 09:42:33 | DEBUG | C06 | KAFKA_BROKER_ADDRESS_FAMILY       = v6
2026-06-17 09:42:33 | DEBUG | C06 | KAFKA_TOPIC                       = streaming-06-scenarios-case
2026-06-17 09:42:33 | DEBUG | C06 | KAFKA_CLEAR_TOPIC_ON_START        = true
2026-06-17 09:42:33 | DEBUG | C06 | PRODUCER_MESSAGE_COUNT            = 3
2026-06-17 09:42:33 | DEBUG | C06 | PRODUCER_MESSAGE_INTERVAL_SECONDS = 2
2026-06-17 09:42:33 | DEBUG | C06 | PRODUCER_MAX_MESSAGES             = 50
2026-06-17 09:42:33 | DEBUG | C06 | PRODUCER_POLL_INTERVAL_SECONDS    = 15
2026-06-17 09:42:33 | DEBUG | C06 | KAFKA_GROUP_ID                    = streaming-consumer-group-A
2026-06-17 09:42:33 | DEBUG | C06 | KAFKA_AUTO_OFFSET_RESET           = earliest
2026-06-17 09:42:33 | DEBUG | C06 | CONSUMER_TIMEOUT_SECONDS          = 10
2026-06-17 09:42:33 | DEBUG | C06 | CONSUMER_MAX_MESSAGES             = 1000
2026-06-17 09:42:33 | DEBUG | P06 | KAFKA_BOOTSTRAP_SERVERS           = localhost:9092
2026-06-17 09:42:33 | DEBUG | P06 | KAFKA_BROKER_ADDRESS_FAMILY       = v6
2026-06-17 09:42:33 | DEBUG | P06 | KAFKA_TOPIC                       = streaming-06-scenarios-case
2026-06-17 09:42:33 | DEBUG | P06 | KAFKA_CLEAR_TOPIC_ON_START        = true
2026-06-17 09:42:33 | DEBUG | P06 | PRODUCER_MESSAGE_COUNT            = 3
2026-06-17 09:42:33 | DEBUG | P06 | PRODUCER_MESSAGE_INTERVAL_SECONDS = 2
2026-06-17 09:42:33 | DEBUG | P06 | PRODUCER_MAX_MESSAGES             = 50
2026-06-17 09:42:33 | DEBUG | P06 | PRODUCER_POLL_INTERVAL_SECONDS    = 15
2026-06-17 09:42:33 | DEBUG | P06 | KAFKA_GROUP_ID                    = streaming-consumer-group-A
2026-06-17 09:42:33 | DEBUG | P06 | KAFKA_AUTO_OFFSET_RESET           = earliest
2026-06-17 09:42:33 | DEBUG | P06 | CONSUMER_TIMEOUT_SECONDS          = 10
2026-06-17 09:42:33 | DEBUG | P06 | CONSUMER_MAX_MESSAGES             = 1000
